{"/Users/caleb.panza/Development/API/christ-fellowship-apollos-api/src/config.js": {"path":"/Users/caleb.panza/Development/API/christ-fellowship-apollos-api/src/config.js","statementMap":{"0":{"start":{"line":5,"column":0},"end":{"line":7,"column":3}}},"fnMap":{},"branchMap":{},"s":{"0":0},"f":{},"b":{}}
,"/Users/caleb.panza/Development/API/christ-fellowship-apollos-api/src/index.js": {"path":"/Users/caleb.panza/Development/API/christ-fellowship-apollos-api/src/index.js","statementMap":{"0":{"start":{"line":8,"column":17},"end":{"line":8,"column":28}},"1":{"start":{"line":9,"column":0},"end":{"line":12,"column":4}},"2":{"start":{"line":10,"column":2},"end":{"line":12,"column":4}},"3":{"start":{"line":14,"column":0},"end":{"line":16,"column":3}},"4":{"start":{"line":15,"column":2},"end":{"line":15,"column":59}}},"fnMap":{"0":{"name":"(anonymous_0)","decl":{"start":{"line":14,"column":30},"end":{"line":14,"column":31}},"loc":{"start":{"line":14,"column":36},"end":{"line":16,"column":1}},"line":14}},"branchMap":{"0":{"loc":{"start":{"line":9,"column":0},"end":{"line":12,"column":4}},"type":"if","locations":[{"start":{"line":9,"column":0},"end":{"line":12,"column":4}},{"start":{"line":9,"column":0},"end":{"line":12,"column":4}}],"line":9},"1":{"loc":{"start":{"line":9,"column":4},"end":{"line":9,"column":44}},"type":"binary-expr","locations":[{"start":{"line":9,"column":4},"end":{"line":9,"column":9}},{"start":{"line":9,"column":13},"end":{"line":9,"column":44}}],"line":9}},"s":{"0":0,"1":0,"2":0,"3":0,"4":0},"f":{"0":0},"b":{"0":[0,0],"1":[0,0]}}
,"/Users/caleb.panza/Development/API/christ-fellowship-apollos-api/src/server.js": {"path":"/Users/caleb.panza/Development/API/christ-fellowship-apollos-api/src/server.js","statementMap":{"0":{"start":{"line":17,"column":2},"end":{"line":17,"column":74}},"1":{"start":{"line":19,"column":19},"end":{"line":19,"column":66}},"2":{"start":{"line":19,"column":34},"end":{"line":19,"column":60}},"3":{"start":{"line":21,"column":21},"end":{"line":42,"column":2}},"4":{"start":{"line":29,"column":4},"end":{"line":29,"column":68}},"5":{"start":{"line":30,"column":4},"end":{"line":30,"column":17}},"6":{"start":{"line":44,"column":12},"end":{"line":44,"column":21}},"7":{"start":{"line":46,"column":0},"end":{"line":46,"column":38}},"8":{"start":{"line":47,"column":0},"end":{"line":47,"column":49}},"9":{"start":{"line":48,"column":0},"end":{"line":48,"column":53}}},"fnMap":{"0":{"name":"(anonymous_0)","decl":{"start":{"line":19,"column":28},"end":{"line":19,"column":29}},"loc":{"start":{"line":19,"column":34},"end":{"line":19,"column":60}},"line":19},"1":{"name":"(anonymous_1)","decl":{"start":{"line":28,"column":15},"end":{"line":28,"column":16}},"loc":{"start":{"line":28,"column":26},"end":{"line":31,"column":3}},"line":28}},"branchMap":{"0":{"loc":{"start":{"line":17,"column":2},"end":{"line":17,"column":74}},"type":"binary-expr","locations":[{"start":{"line":17,"column":2},"end":{"line":17,"column":39}},{"start":{"line":17,"column":43},"end":{"line":17,"column":74}}],"line":17},"1":{"loc":{"start":{"line":19,"column":19},"end":{"line":19,"column":66}},"type":"cond-expr","locations":[{"start":{"line":19,"column":27},"end":{"line":19,"column":61}},{"start":{"line":19,"column":64},"end":{"line":19,"column":66}}],"line":19}},"s":{"0":0,"1":0,"2":0,"3":0,"4":0,"5":0,"6":0,"7":0,"8":0,"9":0},"f":{"0":0,"1":0},"b":{"0":[0,0],"1":[0,0]}}
,"/Users/caleb.panza/Development/API/christ-fellowship-apollos-api/src/data/index.js": {"path":"/Users/caleb.panza/Development/API/christ-fellowship-apollos-api/src/data/index.js","statementMap":{"0":{"start":{"line":38,"column":13},"end":{"line":68,"column":1}},"1":{"start":{"line":76,"column":4},"end":{"line":76,"column":34}},"2":{"start":{"line":81,"column":26},"end":{"line":86,"column":1}}},"fnMap":{},"branchMap":{},"s":{"0":0,"1":0,"2":0},"f":{},"b":{}}
,"/Users/caleb.panza/Development/API/christ-fellowship-apollos-api/src/data/oneSignalWithRock.js": {"path":"/Users/caleb.panza/Development/API/christ-fellowship-apollos-api/src/data/oneSignalWithRock.js","statementMap":{"0":{"start":{"line":3,"column":24},"end":{"line":20,"column":1}},"1":{"start":{"line":7,"column":26},"end":{"line":7,"column":79}},"2":{"start":{"line":10,"column":6},"end":{"line":14,"column":7}},"3":{"start":{"line":11,"column":8},"end":{"line":13,"column":11}},"4":{"start":{"line":17,"column":6},"end":{"line":17,"column":25}}},"fnMap":{"0":{"name":"(anonymous_0)","decl":{"start":{"line":5,"column":28},"end":{"line":5,"column":29}},"loc":{"start":{"line":5,"column":72},"end":{"line":18,"column":5}},"line":5}},"branchMap":{"0":{"loc":{"start":{"line":10,"column":6},"end":{"line":14,"column":7}},"type":"if","locations":[{"start":{"line":10,"column":6},"end":{"line":14,"column":7}},{"start":{"line":10,"column":6},"end":{"line":14,"column":7}}],"line":10}},"s":{"0":0,"1":0,"2":0,"3":0,"4":0},"f":{"0":0},"b":{"0":[0,0]}}
,"/Users/caleb.panza/Development/API/christ-fellowship-apollos-api/src/data/test-utils.js": {"path":"/Users/caleb.panza/Development/API/christ-fellowship-apollos-api/src/data/test-utils.js","statementMap":{"0":{"start":{"line":2,"column":28},"end":{"line":15,"column":1}},"1":{"start":{"line":3,"column":14},"end":{"line":3,"column":23}},"2":{"start":{"line":4,"column":2},"end":{"line":10,"column":3}},"3":{"start":{"line":5,"column":4},"end":{"line":9,"column":7}},"4":{"start":{"line":6,"column":6},"end":{"line":8,"column":8}},"5":{"start":{"line":7,"column":33},"end":{"line":7,"column":75}},"6":{"start":{"line":11,"column":2},"end":{"line":13,"column":4}},"7":{"start":{"line":12,"column":29},"end":{"line":12,"column":68}},"8":{"start":{"line":14,"column":2},"end":{"line":14,"column":13}}},"fnMap":{"0":{"name":"(anonymous_0)","decl":{"start":{"line":2,"column":28},"end":{"line":2,"column":29}},"loc":{"start":{"line":2,"column":54},"end":{"line":15,"column":1}},"line":2},"1":{"name":"(anonymous_1)","decl":{"start":{"line":5,"column":21},"end":{"line":5,"column":22}},"loc":{"start":{"line":5,"column":38},"end":{"line":9,"column":5}},"line":5},"2":{"name":"(anonymous_2)","decl":{"start":{"line":7,"column":20},"end":{"line":7,"column":21}},"loc":{"start":{"line":7,"column":33},"end":{"line":7,"column":75}},"line":7},"3":{"name":"(anonymous_3)","decl":{"start":{"line":12,"column":16},"end":{"line":12,"column":17}},"loc":{"start":{"line":12,"column":29},"end":{"line":12,"column":68}},"line":12}},"branchMap":{"0":{"loc":{"start":{"line":4,"column":2},"end":{"line":10,"column":3}},"type":"if","locations":[{"start":{"line":4,"column":2},"end":{"line":10,"column":3}},{"start":{"line":4,"column":2},"end":{"line":10,"column":3}}],"line":4},"1":{"loc":{"start":{"line":4,"column":6},"end":{"line":4,"column":59}},"type":"binary-expr","locations":[{"start":{"line":4,"column":6},"end":{"line":4,"column":29}},{"start":{"line":4,"column":33},"end":{"line":4,"column":59}}],"line":4}},"s":{"0":1,"1":1,"2":1,"3":1,"4":2,"5":2,"6":1,"7":1,"8":1},"f":{"0":1,"1":2,"2":2,"3":1},"b":{"0":[1,0],"1":[1,1]},"_coverageSchema":"43e27e138ebf9cfc5966b082cf9a028302ed4184","hash":"6575cdb1c46165e50b2af00acdbc4766d6533a32"}
,"/Users/caleb.panza/Development/API/christ-fellowship-apollos-api/src/data/utils.js": {"path":"/Users/caleb.panza/Development/API/christ-fellowship-apollos-api/src/data/utils.js","statementMap":{"0":{"start":{"line":4,"column":38},"end":{"line":20,"column":1}},"1":{"start":{"line":5,"column":14},"end":{"line":5,"column":34}},"2":{"start":{"line":6,"column":16},"end":{"line":6,"column":40}},"3":{"start":{"line":8,"column":2},"end":{"line":19,"column":8}},"4":{"start":{"line":11,"column":21},"end":{"line":11,"column":33}},"5":{"start":{"line":12,"column":18},"end":{"line":12,"column":20}},"6":{"start":{"line":14,"column":8},"end":{"line":14,"column":32}},"7":{"start":{"line":15,"column":8},"end":{"line":15,"column":34}},"8":{"start":{"line":17,"column":8},"end":{"line":17,"column":18}}},"fnMap":{"0":{"name":"(anonymous_0)","decl":{"start":{"line":4,"column":38},"end":{"line":4,"column":39}},"loc":{"start":{"line":4,"column":97},"end":{"line":20,"column":1}},"line":4},"1":{"name":"(anonymous_1)","decl":{"start":{"line":10,"column":11},"end":{"line":10,"column":12}},"loc":{"start":{"line":10,"column":18},"end":{"line":18,"column":7}},"line":10}},"branchMap":{"0":{"loc":{"start":{"line":4,"column":52},"end":{"line":4,"column":70}},"type":"default-arg","locations":[{"start":{"line":4,"column":66},"end":{"line":4,"column":70}}],"line":4},"1":{"loc":{"start":{"line":4,"column":72},"end":{"line":4,"column":92}},"type":"default-arg","locations":[{"start":{"line":4,"column":88},"end":{"line":4,"column":92}}],"line":4},"2":{"loc":{"start":{"line":5,"column":14},"end":{"line":5,"column":34}},"type":"binary-expr","locations":[{"start":{"line":5,"column":14},"end":{"line":5,"column":25}},{"start":{"line":5,"column":29},"end":{"line":5,"column":34}}],"line":5},"3":{"loc":{"start":{"line":6,"column":16},"end":{"line":6,"column":40}},"type":"binary-expr","locations":[{"start":{"line":6,"column":16},"end":{"line":6,"column":29}},{"start":{"line":6,"column":33},"end":{"line":6,"column":40}}],"line":6},"4":{"loc":{"start":{"line":8,"column":9},"end":{"line":19,"column":8}},"type":"cond-expr","locations":[{"start":{"line":9,"column":6},"end":{"line":18,"column":8}},{"start":{"line":19,"column":6},"end":{"line":19,"column":8}}],"line":8},"5":{"loc":{"start":{"line":14,"column":19},"end":{"line":14,"column":32}},"type":"binary-expr","locations":[{"start":{"line":14,"column":19},"end":{"line":14,"column":26}},{"start":{"line":14,"column":30},"end":{"line":14,"column":32}}],"line":14},"6":{"loc":{"start":{"line":15,"column":21},"end":{"line":15,"column":34}},"type":"binary-expr","locations":[{"start":{"line":15,"column":21},"end":{"line":15,"column":28}},{"start":{"line":15,"column":32},"end":{"line":15,"column":34}}],"line":15}},"s":{"0":1,"1":5,"2":5,"3":5,"4":6,"5":6,"6":6,"7":6,"8":6},"f":{"0":5,"1":6},"b":{"0":[3],"1":[3],"2":[5,3],"3":[5,3],"4":[3,2],"5":[6,1],"6":[6,1]},"_coverageSchema":"43e27e138ebf9cfc5966b082cf9a028302ed4184","hash":"75f1b4cf3f86464cff8bac5eec9ad474daa86bfe"}
,"/Users/caleb.panza/Development/API/christ-fellowship-apollos-api/src/data/defined-value/data-source.js": {"path":"/Users/caleb.panza/Development/API/christ-fellowship-apollos-api/src/data/defined-value/data-source.js","statementMap":{"0":{"start":{"line":8,"column":26},"end":{"line":8,"column":102}},"1":{"start":{"line":9,"column":25},"end":{"line":9,"column":30}},"2":{"start":{"line":11,"column":8},"end":{"line":15,"column":9}},"3":{"start":{"line":12,"column":12},"end":{"line":12,"column":95}},"4":{"start":{"line":13,"column":15},"end":{"line":15,"column":9}},"5":{"start":{"line":14,"column":12},"end":{"line":14,"column":84}},"6":{"start":{"line":17,"column":8},"end":{"line":17,"column":66}},"7":{"start":{"line":21,"column":21},"end":{"line":21,"column":47}},"8":{"start":{"line":23,"column":8},"end":{"line":25,"column":19}}},"fnMap":{"0":{"name":"(anonymous_0)","decl":{"start":{"line":7,"column":24},"end":{"line":7,"column":25}},"loc":{"start":{"line":7,"column":40},"end":{"line":18,"column":5}},"line":7},"1":{"name":"(anonymous_1)","decl":{"start":{"line":20,"column":34},"end":{"line":20,"column":35}},"loc":{"start":{"line":20,"column":42},"end":{"line":26,"column":5}},"line":20}},"branchMap":{"0":{"loc":{"start":{"line":11,"column":8},"end":{"line":15,"column":9}},"type":"if","locations":[{"start":{"line":11,"column":8},"end":{"line":15,"column":9}},{"start":{"line":11,"column":8},"end":{"line":15,"column":9}}],"line":11},"1":{"loc":{"start":{"line":13,"column":15},"end":{"line":15,"column":9}},"type":"if","locations":[{"start":{"line":13,"column":15},"end":{"line":15,"column":9}},{"start":{"line":13,"column":15},"end":{"line":15,"column":9}}],"line":13},"2":{"loc":{"start":{"line":23,"column":15},"end":{"line":25,"column":18}},"type":"cond-expr","locations":[{"start":{"line":24,"column":14},"end":{"line":24,"column":55}},{"start":{"line":25,"column":14},"end":{"line":25,"column":18}}],"line":23}},"s":{"0":5,"1":5,"2":5,"3":1,"4":4,"5":2,"6":2,"7":2,"8":2},"f":{"0":5,"1":2},"b":{"0":[1,4],"1":[2,2],"2":[1,1]},"_coverageSchema":"43e27e138ebf9cfc5966b082cf9a028302ed4184","hash":"018a5c5964c1895c1add0b0ece0d008494a6daaf"}
,"/Users/caleb.panza/Development/API/christ-fellowship-apollos-api/src/data/defined-value/index.js": {"path":"/Users/caleb.panza/Development/API/christ-fellowship-apollos-api/src/data/defined-value/index.js","statementMap":{},"fnMap":{},"branchMap":{},"s":{},"f":{},"b":{}}
,"/Users/caleb.panza/Development/API/christ-fellowship-apollos-api/src/data/defined-value/resolver.js": {"path":"/Users/caleb.panza/Development/API/christ-fellowship-apollos-api/src/data/defined-value/resolver.js","statementMap":{"0":{"start":{"line":3,"column":17},"end":{"line":12,"column":1}},"1":{"start":{"line":5,"column":80},"end":{"line":5,"column":144}},"2":{"start":{"line":9,"column":12},"end":{"line":9,"column":47}},"3":{"start":{"line":10,"column":45},"end":{"line":10,"column":50}}},"fnMap":{"0":{"name":"(anonymous_0)","decl":{"start":{"line":5,"column":37},"end":{"line":5,"column":38}},"loc":{"start":{"line":5,"column":80},"end":{"line":5,"column":144}},"line":5},"1":{"name":"(anonymous_1)","decl":{"start":{"line":8,"column":12},"end":{"line":8,"column":13}},"loc":{"start":{"line":9,"column":12},"end":{"line":9,"column":47}},"line":9},"2":{"name":"(anonymous_2)","decl":{"start":{"line":10,"column":15},"end":{"line":10,"column":16}},"loc":{"start":{"line":10,"column":45},"end":{"line":10,"column":50}},"line":10}},"branchMap":{},"s":{"0":0,"1":0,"2":0,"3":0},"f":{"0":0,"1":0,"2":0},"b":{}}
,"/Users/caleb.panza/Development/API/christ-fellowship-apollos-api/src/data/defined-value/schema.js": {"path":"/Users/caleb.panza/Development/API/christ-fellowship-apollos-api/src/data/defined-value/schema.js","statementMap":{},"fnMap":{},"branchMap":{},"s":{},"f":{},"b":{}}
,"/Users/caleb.panza/Development/API/christ-fellowship-apollos-api/src/data/theme/colorScalarType.js": {"path":"/Users/caleb.panza/Development/API/christ-fellowship-apollos-api/src/data/theme/colorScalarType.js","statementMap":{"0":{"start":{"line":8,"column":4},"end":{"line":10,"column":16}},"1":{"start":{"line":13,"column":4},"end":{"line":13,"column":24}},"2":{"start":{"line":16,"column":4},"end":{"line":16,"column":24}}},"fnMap":{"0":{"name":"(anonymous_0)","decl":{"start":{"line":7,"column":2},"end":{"line":7,"column":3}},"loc":{"start":{"line":7,"column":19},"end":{"line":11,"column":3}},"line":7},"1":{"name":"(anonymous_1)","decl":{"start":{"line":12,"column":2},"end":{"line":12,"column":3}},"loc":{"start":{"line":12,"column":20},"end":{"line":14,"column":3}},"line":12},"2":{"name":"(anonymous_2)","decl":{"start":{"line":15,"column":2},"end":{"line":15,"column":3}},"loc":{"start":{"line":15,"column":26},"end":{"line":17,"column":3}},"line":15}},"branchMap":{},"s":{"0":0,"1":0,"2":0},"f":{"0":0,"1":0,"2":0},"b":{}}
,"/Users/caleb.panza/Development/API/christ-fellowship-apollos-api/src/data/theme/index.js": {"path":"/Users/caleb.panza/Development/API/christ-fellowship-apollos-api/src/data/theme/index.js","statementMap":{"0":{"start":{"line":6,"column":22},"end":{"line":26,"column":1}},"1":{"start":{"line":28,"column":24},"end":{"line":55,"column":1}},"2":{"start":{"line":30,"column":16},"end":{"line":30,"column":22}},"3":{"start":{"line":33,"column":25},"end":{"line":33,"column":78}},"4":{"start":{"line":34,"column":6},"end":{"line":51,"column":8}}},"fnMap":{"0":{"name":"(anonymous_0)","decl":{"start":{"line":30,"column":10},"end":{"line":30,"column":11}},"loc":{"start":{"line":30,"column":16},"end":{"line":30,"column":22}},"line":30},"1":{"name":"(anonymous_1)","decl":{"start":{"line":31,"column":12},"end":{"line":31,"column":13}},"loc":{"start":{"line":31,"column":22},"end":{"line":52,"column":5}},"line":31}},"branchMap":{},"s":{"0":0,"1":0,"2":0,"3":0,"4":0},"f":{"0":0,"1":0},"b":{}}
,"/Users/caleb.panza/Development/API/christ-fellowship-apollos-api/src/data/website-accordion-content-item/data-source.js": {"path":"/Users/caleb.panza/Development/API/christ-fellowship-apollos-api/src/data/website-accordion-content-item/data-source.js","statementMap":{},"fnMap":{},"branchMap":{},"s":{},"f":{},"b":{}}
,"/Users/caleb.panza/Development/API/christ-fellowship-apollos-api/src/data/website-accordion-content-item/index.js": {"path":"/Users/caleb.panza/Development/API/christ-fellowship-apollos-api/src/data/website-accordion-content-item/index.js","statementMap":{},"fnMap":{},"branchMap":{},"s":{},"f":{},"b":{}}
,"/Users/caleb.panza/Development/API/christ-fellowship-apollos-api/src/data/website-accordion-content-item/resolver.js": {"path":"/Users/caleb.panza/Development/API/christ-fellowship-apollos-api/src/data/website-accordion-content-item/resolver.js","statementMap":{"0":{"start":{"line":4,"column":17},"end":{"line":8,"column":1}}},"fnMap":{},"branchMap":{},"s":{"0":0},"f":{},"b":{}}
,"/Users/caleb.panza/Development/API/christ-fellowship-apollos-api/src/data/website-accordion-content-item/schema.js": {"path":"/Users/caleb.panza/Development/API/christ-fellowship-apollos-api/src/data/website-accordion-content-item/schema.js","statementMap":{},"fnMap":{},"branchMap":{},"s":{},"f":{},"b":{}}
,"/Users/caleb.panza/Development/API/christ-fellowship-apollos-api/src/data/website-content-item/data-source.js": {"path":"/Users/caleb.panza/Development/API/christ-fellowship-apollos-api/src/data/website-content-item/data-source.js","statementMap":{},"fnMap":{},"branchMap":{},"s":{},"f":{},"b":{}}
,"/Users/caleb.panza/Development/API/christ-fellowship-apollos-api/src/data/website-content-item/index.js": {"path":"/Users/caleb.panza/Development/API/christ-fellowship-apollos-api/src/data/website-content-item/index.js","statementMap":{},"fnMap":{},"branchMap":{},"s":{},"f":{},"b":{}}
,"/Users/caleb.panza/Development/API/christ-fellowship-apollos-api/src/data/website-content-item/resolver.js": {"path":"/Users/caleb.panza/Development/API/christ-fellowship-apollos-api/src/data/website-content-item/resolver.js","statementMap":{"0":{"start":{"line":9,"column":31},"end":{"line":12,"column":36}},"1":{"start":{"line":10,"column":4},"end":{"line":12,"column":36}},"2":{"start":{"line":14,"column":17},"end":{"line":61,"column":1}},"3":{"start":{"line":18,"column":34},"end":{"line":18,"column":81}},"4":{"start":{"line":20,"column":12},"end":{"line":22,"column":32}},"5":{"start":{"line":25,"column":27},"end":{"line":25,"column":54}},"6":{"start":{"line":27,"column":12},"end":{"line":34,"column":15}},"7":{"start":{"line":28,"column":16},"end":{"line":31,"column":19}},"8":{"start":{"line":29,"column":20},"end":{"line":29,"column":69}},"9":{"start":{"line":30,"column":20},"end":{"line":30,"column":35}},"10":{"start":{"line":33,"column":16},"end":{"line":33,"column":29}},"11":{"start":{"line":37,"column":37},"end":{"line":37,"column":84}},"12":{"start":{"line":38,"column":33},"end":{"line":38,"column":117}},"13":{"start":{"line":40,"column":12},"end":{"line":40,"column":38}},"14":{"start":{"line":42,"column":58},"end":{"line":42,"column":100}},"15":{"start":{"line":44,"column":37},"end":{"line":44,"column":81}},"16":{"start":{"line":45,"column":33},"end":{"line":45,"column":117}},"17":{"start":{"line":47,"column":12},"end":{"line":47,"column":38}},"18":{"start":{"line":50,"column":24},"end":{"line":50,"column":73}},"19":{"start":{"line":52,"column":12},"end":{"line":54,"column":20}},"20":{"start":{"line":57,"column":12},"end":{"line":59,"column":20}}},"fnMap":{"0":{"name":"(anonymous_0)","decl":{"start":{"line":9,"column":31},"end":{"line":9,"column":32}},"loc":{"start":{"line":10,"column":4},"end":{"line":12,"column":36}},"line":10},"1":{"name":"(anonymous_1)","decl":{"start":{"line":17,"column":15},"end":{"line":17,"column":16}},"loc":{"start":{"line":17,"column":62},"end":{"line":23,"column":9}},"line":17},"2":{"name":"(anonymous_2)","decl":{"start":{"line":24,"column":16},"end":{"line":24,"column":17}},"loc":{"start":{"line":24,"column":66},"end":{"line":35,"column":9}},"line":24},"3":{"name":"(anonymous_3)","decl":{"start":{"line":27,"column":30},"end":{"line":27,"column":31}},"loc":{"start":{"line":27,"column":41},"end":{"line":34,"column":13}},"line":27},"4":{"name":"(anonymous_4)","decl":{"start":{"line":28,"column":50},"end":{"line":28,"column":51}},"loc":{"start":{"line":28,"column":63},"end":{"line":31,"column":17}},"line":28},"5":{"name":"(anonymous_5)","decl":{"start":{"line":36,"column":23},"end":{"line":36,"column":24}},"loc":{"start":{"line":36,"column":69},"end":{"line":41,"column":9}},"line":36},"6":{"name":"(anonymous_6)","decl":{"start":{"line":42,"column":18},"end":{"line":42,"column":19}},"loc":{"start":{"line":42,"column":58},"end":{"line":42,"column":100}},"line":42},"7":{"name":"(anonymous_7)","decl":{"start":{"line":43,"column":20},"end":{"line":43,"column":21}},"loc":{"start":{"line":43,"column":66},"end":{"line":48,"column":9}},"line":43},"8":{"name":"(anonymous_8)","decl":{"start":{"line":49,"column":23},"end":{"line":49,"column":24}},"loc":{"start":{"line":49,"column":63},"end":{"line":55,"column":9}},"line":49},"9":{"name":"(anonymous_9)","decl":{"start":{"line":56,"column":16},"end":{"line":56,"column":17}},"loc":{"start":{"line":57,"column":12},"end":{"line":59,"column":20}},"line":57}},"branchMap":{"0":{"loc":{"start":{"line":10,"column":4},"end":{"line":12,"column":36}},"type":"cond-expr","locations":[{"start":{"line":11,"column":10},"end":{"line":11,"column":54}},{"start":{"line":12,"column":10},"end":{"line":12,"column":36}}],"line":10},"1":{"loc":{"start":{"line":20,"column":19},"end":{"line":22,"column":31}},"type":"cond-expr","locations":[{"start":{"line":21,"column":18},"end":{"line":21,"column":23}},{"start":{"line":22,"column":18},"end":{"line":22,"column":31}}],"line":20},"2":{"loc":{"start":{"line":52,"column":19},"end":{"line":54,"column":20}},"type":"cond-expr","locations":[{"start":{"line":53,"column":18},"end":{"line":53,"column":63}},{"start":{"line":54,"column":18},"end":{"line":54,"column":20}}],"line":52},"3":{"loc":{"start":{"line":57,"column":12},"end":{"line":59,"column":20}},"type":"cond-expr","locations":[{"start":{"line":58,"column":18},"end":{"line":58,"column":26}},{"start":{"line":59,"column":18},"end":{"line":59,"column":20}}],"line":57}},"s":{"0":0,"1":0,"2":0,"3":0,"4":0,"5":0,"6":0,"7":0,"8":0,"9":0,"10":0,"11":0,"12":0,"13":0,"14":0,"15":0,"16":0,"17":0,"18":0,"19":0,"20":0},"f":{"0":0,"1":0,"2":0,"3":0,"4":0,"5":0,"6":0,"7":0,"8":0,"9":0},"b":{"0":[0,0],"1":[0,0],"2":[0,0],"3":[0,0]}}
,"/Users/caleb.panza/Development/API/christ-fellowship-apollos-api/src/data/website-content-item/schema.js": {"path":"/Users/caleb.panza/Development/API/christ-fellowship-apollos-api/src/data/website-content-item/schema.js","statementMap":{},"fnMap":{},"branchMap":{},"s":{},"f":{},"b":{}}
,"/Users/caleb.panza/Development/API/christ-fellowship-apollos-api/src/data/website-pages-content-item/data-source.js": {"path":"/Users/caleb.panza/Development/API/christ-fellowship-apollos-api/src/data/website-pages-content-item/data-source.js","statementMap":{"0":{"start":{"line":7,"column":26},"end":{"line":7,"column":39}},"1":{"start":{"line":10,"column":30},"end":{"line":10,"column":62}},"2":{"start":{"line":14,"column":44},"end":{"line":18,"column":16}},"3":{"start":{"line":29,"column":39},"end":{"line":29,"column":83}},"4":{"start":{"line":32,"column":41},"end":{"line":35,"column":17}},"5":{"start":{"line":37,"column":8},"end":{"line":53,"column":9}},"6":{"start":{"line":41,"column":45},"end":{"line":41,"column":67}},"7":{"start":{"line":42,"column":12},"end":{"line":48,"column":25}},"8":{"start":{"line":45,"column":39},"end":{"line":45,"column":75}},"9":{"start":{"line":55,"column":8},"end":{"line":55,"column":20}}},"fnMap":{"0":{"name":"(anonymous_0)","decl":{"start":{"line":10,"column":20},"end":{"line":10,"column":21}},"loc":{"start":{"line":10,"column":30},"end":{"line":10,"column":62}},"line":10},"1":{"name":"(anonymous_1)","decl":{"start":{"line":14,"column":33},"end":{"line":14,"column":34}},"loc":{"start":{"line":14,"column":44},"end":{"line":18,"column":16}},"line":14},"2":{"name":"(anonymous_2)","decl":{"start":{"line":20,"column":35},"end":{"line":20,"column":36}},"loc":{"start":{"line":20,"column":61},"end":{"line":56,"column":5}},"line":20},"3":{"name":"(anonymous_3)","decl":{"start":{"line":45,"column":24},"end":{"line":45,"column":25}},"loc":{"start":{"line":45,"column":39},"end":{"line":45,"column":75}},"line":45}},"branchMap":{"0":{"loc":{"start":{"line":37,"column":8},"end":{"line":53,"column":9}},"type":"if","locations":[{"start":{"line":37,"column":8},"end":{"line":53,"column":9}},{"start":{"line":37,"column":8},"end":{"line":53,"column":9}}],"line":37},"1":{"loc":{"start":{"line":37,"column":12},"end":{"line":37,"column":62}},"type":"binary-expr","locations":[{"start":{"line":37,"column":12},"end":{"line":37,"column":36}},{"start":{"line":37,"column":40},"end":{"line":37,"column":62}}],"line":37}},"s":{"0":1,"1":6,"2":4,"3":3,"4":3,"5":3,"6":1,"7":1,"8":1,"9":2},"f":{"0":6,"1":4,"2":3,"3":1},"b":{"0":[1,2],"1":[3,2]},"_coverageSchema":"43e27e138ebf9cfc5966b082cf9a028302ed4184","hash":"f510b8c6108747bf48bb01e68156e5994c6f9b9c"}
,"/Users/caleb.panza/Development/API/christ-fellowship-apollos-api/src/data/website-pages-content-item/index.js": {"path":"/Users/caleb.panza/Development/API/christ-fellowship-apollos-api/src/data/website-pages-content-item/index.js","statementMap":{},"fnMap":{},"branchMap":{},"s":{},"f":{},"b":{}}
,"/Users/caleb.panza/Development/API/christ-fellowship-apollos-api/src/data/website-pages-content-item/resolver.js": {"path":"/Users/caleb.panza/Development/API/christ-fellowship-apollos-api/src/data/website-pages-content-item/resolver.js","statementMap":{"0":{"start":{"line":8,"column":17},"end":{"line":34,"column":1}},"1":{"start":{"line":11,"column":12},"end":{"line":11,"column":106}},"2":{"start":{"line":16,"column":12},"end":{"line":16,"column":61}},"3":{"start":{"line":18,"column":12},"end":{"line":22,"column":18}},"4":{"start":{"line":21,"column":20},"end":{"line":21,"column":36}},"5":{"start":{"line":24,"column":12},"end":{"line":27,"column":13}},"6":{"start":{"line":29,"column":12},"end":{"line":32,"column":13}}},"fnMap":{"0":{"name":"(anonymous_0)","decl":{"start":{"line":10,"column":38},"end":{"line":10,"column":39}},"loc":{"start":{"line":11,"column":12},"end":{"line":11,"column":106}},"line":11},"1":{"name":"(anonymous_1)","decl":{"start":{"line":15,"column":25},"end":{"line":15,"column":26}},"loc":{"start":{"line":16,"column":12},"end":{"line":16,"column":61}},"line":16},"2":{"name":"(anonymous_2)","decl":{"start":{"line":17,"column":22},"end":{"line":17,"column":23}},"loc":{"start":{"line":18,"column":12},"end":{"line":22,"column":18}},"line":18},"3":{"name":"(anonymous_3)","decl":{"start":{"line":20,"column":24},"end":{"line":20,"column":25}},"loc":{"start":{"line":20,"column":31},"end":{"line":22,"column":17}},"line":20},"4":{"name":"(anonymous_4)","decl":{"start":{"line":23,"column":28},"end":{"line":23,"column":29}},"loc":{"start":{"line":24,"column":12},"end":{"line":27,"column":13}},"line":24},"5":{"name":"(anonymous_5)","decl":{"start":{"line":28,"column":26},"end":{"line":28,"column":27}},"loc":{"start":{"line":29,"column":12},"end":{"line":32,"column":13}},"line":29}},"branchMap":{},"s":{"0":0,"1":0,"2":0,"3":0,"4":0,"5":0,"6":0},"f":{"0":0,"1":0,"2":0,"3":0,"4":0,"5":0},"b":{}}
,"/Users/caleb.panza/Development/API/christ-fellowship-apollos-api/src/data/website-pages-content-item/schema.js": {"path":"/Users/caleb.panza/Development/API/christ-fellowship-apollos-api/src/data/website-pages-content-item/schema.js","statementMap":{},"fnMap":{},"branchMap":{},"s":{},"f":{},"b":{}}
}
