TN:
SF:/Users/caleb.panza/Development/API/christ-fellowship-apollos-api/src/config.js
FNF:0
FNH:0
DA:5,0
LF:1
LH:0
BRF:0
BRH:0
end_of_record
TN:
SF:/Users/caleb.panza/Development/API/christ-fellowship-apollos-api/src/index.js
FN:14,(anonymous_0)
FNF:1
FNH:0
FNDA:0,(anonymous_0)
DA:8,0
DA:9,0
DA:10,0
DA:14,0
DA:15,0
LF:5
LH:0
BRDA:9,0,0,0
BRDA:9,0,1,0
BRDA:9,1,0,0
BRDA:9,1,1,0
BRF:4
BRH:0
end_of_record
TN:
SF:/Users/caleb.panza/Development/API/christ-fellowship-apollos-api/src/server.js
FN:19,(anonymous_0)
FN:28,(anonymous_1)
FNF:2
FNH:0
FNDA:0,(anonymous_0)
FNDA:0,(anonymous_1)
DA:17,0
DA:19,0
DA:21,0
DA:29,0
DA:30,0
DA:44,0
DA:46,0
DA:47,0
DA:48,0
LF:9
LH:0
BRDA:17,0,0,0
BRDA:17,0,1,0
BRDA:19,1,0,0
BRDA:19,1,1,0
BRF:4
BRH:0
end_of_record
TN:
SF:/Users/caleb.panza/Development/API/christ-fellowship-apollos-api/src/data/index.js
FNF:0
FNH:0
DA:38,0
DA:76,0
DA:81,0
LF:3
LH:0
BRF:0
BRH:0
end_of_record
TN:
SF:/Users/caleb.panza/Development/API/christ-fellowship-apollos-api/src/data/oneSignalWithRock.js
FN:5,(anonymous_0)
FNF:1
FNH:0
FNDA:0,(anonymous_0)
DA:3,0
DA:7,0
DA:10,0
DA:11,0
DA:17,0
LF:5
LH:0
BRDA:10,0,0,0
BRDA:10,0,1,0
BRF:2
BRH:0
end_of_record
TN:
SF:/Users/caleb.panza/Development/API/christ-fellowship-apollos-api/src/data/test-utils.js
FN:2,(anonymous_0)
FN:5,(anonymous_1)
FN:7,(anonymous_2)
FN:12,(anonymous_3)
FNF:4
FNH:4
FNDA:1,(anonymous_0)
FNDA:2,(anonymous_1)
FNDA:2,(anonymous_2)
FNDA:1,(anonymous_3)
DA:2,1
DA:3,1
DA:4,1
DA:5,1
DA:6,2
DA:7,2
DA:11,1
DA:12,1
DA:14,1
LF:9
LH:9
BRDA:4,0,0,1
BRDA:4,0,1,0
BRDA:4,1,0,1
BRDA:4,1,1,1
BRF:4
BRH:3
end_of_record
TN:
SF:/Users/caleb.panza/Development/API/christ-fellowship-apollos-api/src/data/utils.js
FN:4,(anonymous_0)
FN:10,(anonymous_1)
FNF:2
FNH:2
FNDA:5,(anonymous_0)
FNDA:6,(anonymous_1)
DA:4,1
DA:5,5
DA:6,5
DA:8,5
DA:11,6
DA:12,6
DA:14,6
DA:15,6
DA:17,6
LF:9
LH:9
BRDA:4,0,0,3
BRDA:4,1,0,3
BRDA:5,2,0,5
BRDA:5,2,1,3
BRDA:6,3,0,5
BRDA:6,3,1,3
BRDA:8,4,0,3
BRDA:8,4,1,2
BRDA:14,5,0,6
BRDA:14,5,1,1
BRDA:15,6,0,6
BRDA:15,6,1,1
BRF:12
BRH:12
end_of_record
TN:
SF:/Users/caleb.panza/Development/API/christ-fellowship-apollos-api/src/data/defined-value/data-source.js
FN:7,(anonymous_0)
FN:20,(anonymous_1)
FNF:2
FNH:2
FNDA:5,(anonymous_0)
FNDA:2,(anonymous_1)
DA:8,5
DA:9,5
DA:11,5
DA:12,1
DA:13,4
DA:14,2
DA:17,2
DA:21,2
DA:23,2
LF:9
LH:9
BRDA:11,0,0,1
BRDA:11,0,1,4
BRDA:13,1,0,2
BRDA:13,1,1,2
BRDA:23,2,0,1
BRDA:23,2,1,1
BRF:6
BRH:6
end_of_record
TN:
SF:/Users/caleb.panza/Development/API/christ-fellowship-apollos-api/src/data/defined-value/index.js
FNF:0
FNH:0
LF:0
LH:0
BRF:0
BRH:0
end_of_record
TN:
SF:/Users/caleb.panza/Development/API/christ-fellowship-apollos-api/src/data/defined-value/resolver.js
FN:5,(anonymous_0)
FN:8,(anonymous_1)
FN:10,(anonymous_2)
FNF:3
FNH:0
FNDA:0,(anonymous_0)
FNDA:0,(anonymous_1)
FNDA:0,(anonymous_2)
DA:3,0
DA:5,0
DA:9,0
DA:10,0
LF:4
LH:0
BRF:0
BRH:0
end_of_record
TN:
SF:/Users/caleb.panza/Development/API/christ-fellowship-apollos-api/src/data/defined-value/schema.js
FNF:0
FNH:0
LF:0
LH:0
BRF:0
BRH:0
end_of_record
TN:
SF:/Users/caleb.panza/Development/API/christ-fellowship-apollos-api/src/data/theme/colorScalarType.js
FN:7,(anonymous_0)
FN:12,(anonymous_1)
FN:15,(anonymous_2)
FNF:3
FNH:0
FNDA:0,(anonymous_0)
FNDA:0,(anonymous_1)
FNDA:0,(anonymous_2)
DA:8,0
DA:13,0
DA:16,0
LF:3
LH:0
BRF:0
BRH:0
end_of_record
TN:
SF:/Users/caleb.panza/Development/API/christ-fellowship-apollos-api/src/data/theme/index.js
FN:30,(anonymous_0)
FN:31,(anonymous_1)
FNF:2
FNH:0
FNDA:0,(anonymous_0)
FNDA:0,(anonymous_1)
DA:6,0
DA:28,0
DA:30,0
DA:33,0
DA:34,0
LF:5
LH:0
BRF:0
BRH:0
end_of_record
TN:
SF:/Users/caleb.panza/Development/API/christ-fellowship-apollos-api/src/data/website-accordion-content-item/data-source.js
FNF:0
FNH:0
LF:0
LH:0
BRF:0
BRH:0
end_of_record
TN:
SF:/Users/caleb.panza/Development/API/christ-fellowship-apollos-api/src/data/website-accordion-content-item/index.js
FNF:0
FNH:0
LF:0
LH:0
BRF:0
BRH:0
end_of_record
TN:
SF:/Users/caleb.panza/Development/API/christ-fellowship-apollos-api/src/data/website-accordion-content-item/resolver.js
FNF:0
FNH:0
DA:4,0
LF:1
LH:0
BRF:0
BRH:0
end_of_record
TN:
SF:/Users/caleb.panza/Development/API/christ-fellowship-apollos-api/src/data/website-accordion-content-item/schema.js
FNF:0
FNH:0
LF:0
LH:0
BRF:0
BRH:0
end_of_record
TN:
SF:/Users/caleb.panza/Development/API/christ-fellowship-apollos-api/src/data/website-content-item/data-source.js
FNF:0
FNH:0
LF:0
LH:0
BRF:0
BRH:0
end_of_record
TN:
SF:/Users/caleb.panza/Development/API/christ-fellowship-apollos-api/src/data/website-content-item/index.js
FNF:0
FNH:0
LF:0
LH:0
BRF:0
BRH:0
end_of_record
TN:
SF:/Users/caleb.panza/Development/API/christ-fellowship-apollos-api/src/data/website-content-item/resolver.js
FN:9,(anonymous_0)
FN:17,(anonymous_1)
FN:24,(anonymous_2)
FN:27,(anonymous_3)
FN:28,(anonymous_4)
FN:36,(anonymous_5)
FN:42,(anonymous_6)
FN:43,(anonymous_7)
FN:49,(anonymous_8)
FN:56,(anonymous_9)
FNF:10
FNH:0
FNDA:0,(anonymous_0)
FNDA:0,(anonymous_1)
FNDA:0,(anonymous_2)
FNDA:0,(anonymous_3)
FNDA:0,(anonymous_4)
FNDA:0,(anonymous_5)
FNDA:0,(anonymous_6)
FNDA:0,(anonymous_7)
FNDA:0,(anonymous_8)
FNDA:0,(anonymous_9)
DA:9,0
DA:10,0
DA:14,0
DA:18,0
DA:20,0
DA:25,0
DA:27,0
DA:28,0
DA:29,0
DA:30,0
DA:33,0
DA:37,0
DA:38,0
DA:40,0
DA:42,0
DA:44,0
DA:45,0
DA:47,0
DA:50,0
DA:52,0
DA:57,0
LF:21
LH:0
BRDA:10,0,0,0
BRDA:10,0,1,0
BRDA:20,1,0,0
BRDA:20,1,1,0
BRDA:52,2,0,0
BRDA:52,2,1,0
BRDA:57,3,0,0
BRDA:57,3,1,0
BRF:8
BRH:0
end_of_record
TN:
SF:/Users/caleb.panza/Development/API/christ-fellowship-apollos-api/src/data/website-content-item/schema.js
FNF:0
FNH:0
LF:0
LH:0
BRF:0
BRH:0
end_of_record
TN:
SF:/Users/caleb.panza/Development/API/christ-fellowship-apollos-api/src/data/website-pages-content-item/data-source.js
FN:10,(anonymous_0)
FN:14,(anonymous_1)
FN:20,(anonymous_2)
FN:45,(anonymous_3)
FNF:4
FNH:4
FNDA:6,(anonymous_0)
FNDA:4,(anonymous_1)
FNDA:3,(anonymous_2)
FNDA:1,(anonymous_3)
DA:7,1
DA:10,6
DA:14,4
DA:29,3
DA:32,3
DA:37,3
DA:41,1
DA:42,1
DA:45,1
DA:55,2
LF:10
LH:10
BRDA:37,0,0,1
BRDA:37,0,1,2
BRDA:37,1,0,3
BRDA:37,1,1,2
BRF:4
BRH:4
end_of_record
TN:
SF:/Users/caleb.panza/Development/API/christ-fellowship-apollos-api/src/data/website-pages-content-item/index.js
FNF:0
FNH:0
LF:0
LH:0
BRF:0
BRH:0
end_of_record
TN:
SF:/Users/caleb.panza/Development/API/christ-fellowship-apollos-api/src/data/website-pages-content-item/resolver.js
FN:10,(anonymous_0)
FN:15,(anonymous_1)
FN:17,(anonymous_2)
FN:20,(anonymous_3)
FN:23,(anonymous_4)
FN:28,(anonymous_5)
FNF:6
FNH:0
FNDA:0,(anonymous_0)
FNDA:0,(anonymous_1)
FNDA:0,(anonymous_2)
FNDA:0,(anonymous_3)
FNDA:0,(anonymous_4)
FNDA:0,(anonymous_5)
DA:8,0
DA:11,0
DA:16,0
DA:18,0
DA:21,0
DA:24,0
DA:29,0
LF:7
LH:0
BRF:0
BRH:0
end_of_record
TN:
SF:/Users/caleb.panza/Development/API/christ-fellowship-apollos-api/src/data/website-pages-content-item/schema.js
FNF:0
FNH:0
LF:0
LH:0
BRF:0
BRH:0
end_of_record
